::1 - - [06/Dec/2017:19:05:31 +0100] "GET /phpmyadmin HTTP/1.1" 301 241
::1 - - [06/Dec/2017:19:05:31 +0100] "GET /phpmyadmin/themes/pmahomme/jquery/jquery-ui-1.9.2.custom.css HTTP/1.1" 200 32278
::1 - - [06/Dec/2017:19:05:31 +0100] "GET /phpmyadmin/js/get_scripts.js.php?scripts[]=jquery/jquery-1.8.3.js&scripts[]=ajax.js&scripts[]=keyhandler.js&scripts[]=jquery/jquery-ui-1.9.2.custom.js&scripts[]=jquery/jquery.sprintf.js&scripts[]=jquery/jquery.cookie.js&scripts[]=jquery/jquery.mousewheel.js&scripts[]=jquery/jquery.event.drag-2.2.js&scripts[]=jquery/jquery-ui-timepicker-addon.js&scripts[]=jquery/jquery.ba-hashchange-1.3.js&scripts[]=jquery/jquery.debounce-1.0.5.js&scripts[]=jquery/jquery.menuResizer-1.0.js&scripts[]=rte.js&scripts[]=functions.js&scripts[]=navigation.js&scripts[]=indexes.js&scripts[]=common.js&scripts[]=codemirror/lib/codemirror.js&scripts[]=codemirror/mode/mysql/mysql.js HTTP/1.1" 200 578562
::1 - - [06/Dec/2017:19:05:31 +0100] "GET /phpmyadmin/ HTTP/1.1" 200 8516
::1 - - [06/Dec/2017:19:05:31 +0100] "GET /phpmyadmin/phpmyadmin.css.php?server=1&lang=nl&collation_connection=utf8_general_ci&token=a528e9f6f9c69b8b4259cee9acc85ed6&nocache=4537741646ltr HTTP/1.1" 200 88608
::1 - - [06/Dec/2017:19:05:31 +0100] "GET /phpmyadmin/js/messages.php?lang=nl&db=&server=0&collation_connection=utf8_general_ci&token=aaad458bcf301e9a41745513856edadb HTTP/1.1" 200 18194
::1 - - [06/Dec/2017:19:05:32 +0100] "GET /phpmyadmin/themes/pmahomme/img/logo_right.png HTTP/1.1" 200 4548
::1 - - [06/Dec/2017:19:05:32 +0100] "GET /phpmyadmin/themes/dot.gif HTTP/1.1" 200 43
::1 - - [06/Dec/2017:19:05:31 +0100] "GET /phpmyadmin/js/get_image.js.php?theme=pmahomme HTTP/1.1" 200 6263
::1 - - [06/Dec/2017:19:05:32 +0100] "GET /phpmyadmin/themes/pmahomme/img/sprites.png HTTP/1.1" 200 61899
::1 - - [06/Dec/2017:19:05:32 +0100] "GET /phpmyadmin/favicon.ico HTTP/1.1" 200 18902
::1 - - [06/Dec/2017:19:05:35 +0100] "POST /phpmyadmin/index.php HTTP/1.1" 302 -
::1 - - [06/Dec/2017:19:05:35 +0100] "GET /phpmyadmin/index.php?token=a528e9f6f9c69b8b4259cee9acc85ed6 HTTP/1.1" 200 44698
::1 - - [06/Dec/2017:19:05:35 +0100] "GET /phpmyadmin/phpmyadmin.css.php?server=1&token=a528e9f6f9c69b8b4259cee9acc85ed6&nocache=6050325181ltr HTTP/1.1" 200 88608
::1 - - [06/Dec/2017:19:05:36 +0100] "GET /phpmyadmin/themes/pmahomme/img/logo_left.png HTTP/1.1" 200 2327
::1 - - [06/Dec/2017:19:05:36 +0100] "GET /phpmyadmin/themes/pmahomme/img/ajax_clock_small.gif HTTP/1.1" 200 1810
::1 - - [06/Dec/2017:19:05:35 +0100] "GET /phpmyadmin/js/messages.php?lang=nl&db=&server=0&token=a528e9f6f9c69b8b4259cee9acc85ed6 HTTP/1.1" 200 18194
::1 - - [06/Dec/2017:19:05:36 +0100] "GET /phpmyadmin/themes/pmahomme/img/left_nav_bg.png HTTP/1.1" 200 297
::1 - - [06/Dec/2017:19:05:36 +0100] "GET /phpmyadmin/version_check.php?&_nocache=1512583536205937083 HTTP/1.1" 200 39
::1 - - [06/Dec/2017:19:05:38 +0100] "GET /phpmyadmin/server_databases.php?db=&token=a528e9f6f9c69b8b4259cee9acc85ed6&ajax_request=true&ajax_page_request=true&menuHashes=5f5004ff&_nocache=1512583538784524101 HTTP/1.1" 200 35238
::1 - - [06/Dec/2017:19:05:38 +0100] "GET /phpmyadmin/js/get_scripts.js.php?scripts[]=server_databases.js HTTP/1.1" 200 1818
::1 - - [06/Dec/2017:19:05:38 +0100] "GET /phpmyadmin/themes/pmahomme/img/arrow_ltr.png HTTP/1.1" 200 139
::1 - - [06/Dec/2017:19:05:47 +0100] "POST /phpmyadmin/db_create.php HTTP/1.1" 200 2405
::1 - - [06/Dec/2017:19:05:47 +0100] "POST /phpmyadmin/navigation.php?ajax_request=1&token=a528e9f6f9c69b8b4259cee9acc85ed6 HTTP/1.1" 200 1307
::1 - - [06/Dec/2017:19:05:54 +0100] "GET /phpmyadmin/server_import.php?db=&token=a528e9f6f9c69b8b4259cee9acc85ed6&ajax_request=true&ajax_page_request=true&menuHashes=5f5004ff-4b5e1610&_nocache=1512583554517684054 HTTP/1.1" 200 15521
::1 - - [06/Dec/2017:19:05:54 +0100] "GET /phpmyadmin/js/get_scripts.js.php?scripts[]=import.js HTTP/1.1" 200 1584
::1 - - [06/Dec/2017:19:06:02 +0100] "POST /phpmyadmin/import.php HTTP/1.1" 200 31143
::1 - - [06/Dec/2017:19:06:02 +0100] "GET /phpmyadmin/js/get_scripts.js.php?scripts[]=jquery/jquery-1.8.3.js&scripts[]=ajax.js&scripts[]=keyhandler.js&scripts[]=jquery/jquery-ui-1.9.2.custom.js&scripts[]=jquery/jquery.sprintf.js&scripts[]=jquery/jquery.cookie.js&scripts[]=jquery/jquery.mousewheel.js&scripts[]=jquery/jquery.event.drag-2.2.js&scripts[]=jquery/jquery-ui-timepicker-addon.js&scripts[]=jquery/jquery.ba-hashchange-1.3.js&scripts[]=jquery/jquery.debounce-1.0.5.js&scripts[]=jquery/jquery.menuResizer-1.0.js&scripts[]=rte.js&scripts[]=functions.js&scripts[]=navigation.js&scripts[]=indexes.js&scripts[]=common.js&scripts[]=import.js&scripts[]=codemirror/lib/codemirror.js&scripts[]=codemirror/mode/mysql/mysql.js HTTP/1.1" 200 580146
::1 - - [06/Dec/2017:19:06:06 +0100] "GET /phpmyadmin/db_structure.php?server=1&db=urenregistratie&token=a528e9f6f9c69b8b4259cee9acc85ed6&ajax_request=true&ajax_page_request=true&_nocache=1512583566499387641 HTTP/1.1" 200 15707
::1 - - [06/Dec/2017:19:06:06 +0100] "GET /phpmyadmin/js/get_scripts.js.php?scripts[]=db_structure.js&scripts[]=tbl_change.js HTTP/1.1" 200 12382
::1 - - [06/Dec/2017:19:06:08 +0100] "GET /phpmyadmin/sql.php?db=urenregistratie&token=a528e9f6f9c69b8b4259cee9acc85ed6&goto=db_structure.php&table=user&pos=0&ajax_request=true&ajax_page_request=true&menuHashes=9ae23885&_nocache=1512583568509505199 HTTP/1.1" 200 10376
::1 - - [06/Dec/2017:19:06:08 +0100] "GET /phpmyadmin/js/get_scripts.js.php?scripts[]=tbl_structure.js&scripts[]=gis_data_editor.js HTTP/1.1" 200 15188
::1 - - [06/Dec/2017:19:06:08 +0100] "GET /phpmyadmin/index.php?ajax_request=1&recent_table=1&token=a528e9f6f9c69b8b4259cee9acc85ed6 HTTP/1.1" 200 225
::1 - - [06/Dec/2017:19:06:10 +0100] "GET /phpmyadmin/tbl_structure.php?db=urenregistratie&table=user&token=a528e9f6f9c69b8b4259cee9acc85ed6&ajax_request=true&ajax_page_request=true&menuHashes=9ae23885-cd8d1a41&_nocache=1512583570078172150 HTTP/1.1" 200 28320
::1 - - [06/Dec/2017:19:06:10 +0100] "GET /phpmyadmin/index.php?ajax_request=1&recent_table=1&token=a528e9f6f9c69b8b4259cee9acc85ed6 HTTP/1.1" 200 225
::1 - - [06/Dec/2017:19:06:19 +0100] "GET /phpmyadmin/tbl_change.php?db=urenregistratie&table=user&token=a528e9f6f9c69b8b4259cee9acc85ed6&ajax_request=true&ajax_page_request=true&menuHashes=9ae23885-cd8d1a41-4d6b6c7e&_nocache=1512583579315839867 HTTP/1.1" 200 23719
::1 - - [06/Dec/2017:19:06:19 +0100] "GET /phpmyadmin/index.php?ajax_request=1&recent_table=1&token=a528e9f6f9c69b8b4259cee9acc85ed6 HTTP/1.1" 200 225
::1 - - [06/Dec/2017:19:06:21 +0100] "GET /phpmyadmin/sql.php?db=urenregistratie&table=user&token=a528e9f6f9c69b8b4259cee9acc85ed6&pos=0&ajax_request=true&ajax_page_request=true&menuHashes=9ae23885-cd8d1a41-4d6b6c7e-c50908a4&_nocache=1512583581719512115 HTTP/1.1" 200 7238
::1 - - [06/Dec/2017:19:06:21 +0100] "GET /phpmyadmin/index.php?ajax_request=1&recent_table=1&token=a528e9f6f9c69b8b4259cee9acc85ed6 HTTP/1.1" 200 225
::1 - - [06/Dec/2017:19:06:22 +0100] "GET /phpmyadmin/tbl_structure.php?db=urenregistratie&table=user&token=a528e9f6f9c69b8b4259cee9acc85ed6&ajax_request=true&ajax_page_request=true&menuHashes=9ae23885-cd8d1a41-4d6b6c7e-c50908a4&_nocache=1512583582746458875 HTTP/1.1" 200 25182
::1 - - [06/Dec/2017:19:06:22 +0100] "GET /phpmyadmin/index.php?ajax_request=1&recent_table=1&token=a528e9f6f9c69b8b4259cee9acc85ed6 HTTP/1.1" 200 225
::1 - - [06/Dec/2017:19:06:29 +0100] "GET /phpmyadmin/db_structure.php?server=1&db=urenregistratie&token=a528e9f6f9c69b8b4259cee9acc85ed6&ajax_request=true&ajax_page_request=true&menuHashes=9ae23885-cd8d1a41-4d6b6c7e-c50908a4&_nocache=1512583589520741378 HTTP/1.1" 200 12444
::1 - - [06/Dec/2017:19:06:35 +0100] "GET /phpmyadmin/navigation.php?ajax_request=1&token=a528e9f6f9c69b8b4259cee9acc85ed6&aPath=cm9vdA%3D%3D.dXJlbnJlZ2lzdHJhdGll&vPath=cm9vdA%3D%3D.dXJlbnJlZ2lzdHJhdGll&pos=0&pos2_name=&pos2_value=&searchClause=&searchClause2=&_nocache=1512583595539141992 HTTP/1.1" 200 2191
::1 - - [06/Dec/2017:19:06:36 +0100] "GET /phpmyadmin/navigation.php?ajax_request=1&token=a528e9f6f9c69b8b4259cee9acc85ed6&aPath=cm9vdA%3D%3D.dXJlbnJlZ2lzdHJhdGll.dGFibGVz.dXNlcg%3D%3D&vPath=cm9vdA%3D%3D.dXJlbnJlZ2lzdHJhdGll.VGFiZWxsZW4%3D.dXNlcg%3D%3D&pos=0&pos2_name=tables&pos2_value=0&searchClause=&searchClause2=&_nocache=1512583596683134817 HTTP/1.1" 200 3524
::1 - - [06/Dec/2017:19:06:42 +0100] "GET /phpmyadmin/navigation.php?ajax_request=1&token=a528e9f6f9c69b8b4259cee9acc85ed6&aPath=cm9vdA%3D%3D.dXJlbnJlZ2lzdHJhdGll.dGFibGVz.dXNlcg%3D%3D.Y29sdW1ucw%3D%3D&vPath=cm9vdA%3D%3D.dXJlbnJlZ2lzdHJhdGll.VGFiZWxsZW4%3D.dXNlcg%3D%3D.S29sb21tZW4%3D&pos=0&pos2_name=tables&pos2_value=0&searchClause=&searchClause2=&_nocache=1512583602194203539 HTTP/1.1" 200 2068
::1 - - [06/Dec/2017:19:06:44 +0100] "GET /phpmyadmin/tbl_addfield.php?server=1&db=urenregistratie&table=user&field_where=last&after_field=&token=a528e9f6f9c69b8b4259cee9acc85ed6&ajax_request=true&ajax_page_request=true&menuHashes=9ae23885-cd8d1a41-4d6b6c7e-c50908a4&_nocache=15125836040321941 HTTP/1.1" 200 39920
::1 - - [06/Dec/2017:19:06:44 +0100] "GET /phpmyadmin/index.php?ajax_request=1&recent_table=1&token=a528e9f6f9c69b8b4259cee9acc85ed6 HTTP/1.1" 200 225
::1 - - [06/Dec/2017:19:06:58 +0100] "POST /phpmyadmin/tbl_addfield.php HTTP/1.1" 200 2579
::1 - - [06/Dec/2017:19:06:58 +0100] "POST /phpmyadmin/navigation.php?ajax_request=1&token=a528e9f6f9c69b8b4259cee9acc85ed6 HTTP/1.1" 200 9612
::1 - - [06/Dec/2017:19:07:02 +0100] "GET /phpmyadmin/navigation.php?ajax_request=1&token=a528e9f6f9c69b8b4259cee9acc85ed6&aPath=cm9vdA%3D%3D.dXJlbnJlZ2lzdHJhdGll.dGFibGVz.cmVjb3Jk&vPath=cm9vdA%3D%3D.dXJlbnJlZ2lzdHJhdGll.VGFiZWxsZW4%3D.cmVjb3Jk&pos=0&pos2_name=tables&pos2_value=0&searchClause=&searchClause2=&_nocache=1512583622212719425 HTTP/1.1" 200 3540
::1 - - [06/Dec/2017:19:07:03 +0100] "GET /phpmyadmin/navigation.php?ajax_request=1&token=a528e9f6f9c69b8b4259cee9acc85ed6&aPath=cm9vdA%3D%3D.dXJlbnJlZ2lzdHJhdGll.dGFibGVz.cmVjb3Jk.Y29sdW1ucw%3D%3D&vPath=cm9vdA%3D%3D.dXJlbnJlZ2lzdHJhdGll.VGFiZWxsZW4%3D.cmVjb3Jk.S29sb21tZW4%3D&pos=0&pos2_name=tables&pos2_value=0&searchClause=&searchClause2=&_nocache=1512583623617869320 HTTP/1.1" 200 7936
::1 - - [06/Dec/2017:19:07:23 +0100] "GET /phpmyadmin/tbl_addfield.php?server=1&db=urenregistratie&table=record&field_where=last&after_field=&token=a528e9f6f9c69b8b4259cee9acc85ed6&ajax_request=true&ajax_page_request=true&menuHashes=9ae23885-cd8d1a41-4d6b6c7e-c50908a4&_nocache=1512583643146505153 HTTP/1.1" 200 43090
::1 - - [06/Dec/2017:19:07:23 +0100] "GET /phpmyadmin/index.php?ajax_request=1&recent_table=1&token=a528e9f6f9c69b8b4259cee9acc85ed6 HTTP/1.1" 200 361
::1 - - [06/Dec/2017:19:07:45 +0100] "POST /phpmyadmin/tbl_addfield.php HTTP/1.1" 200 2779
::1 - - [06/Dec/2017:19:07:45 +0100] "POST /phpmyadmin/navigation.php?ajax_request=1&token=a528e9f6f9c69b8b4259cee9acc85ed6 HTTP/1.1" 200 15508
::1 - - [06/Dec/2017:19:07:50 +0100] "GET /phpmyadmin/tbl_export.php?db=urenregistratie&table=record&token=a528e9f6f9c69b8b4259cee9acc85ed6&single_table=true&ajax_request=true&ajax_page_request=true&menuHashes=9ae23885-cd8d1a41-4d6b6c7e-c50908a4-63c810a8&_nocache=1512583670851223977 HTTP/1.1" 200 36524
::1 - - [06/Dec/2017:19:07:51 +0100] "GET /phpmyadmin/js/get_scripts.js.php?scripts[]=export.js HTTP/1.1" 200 5954
::1 - - [06/Dec/2017:19:07:51 +0100] "GET /phpmyadmin/index.php?ajax_request=1&recent_table=1&token=a528e9f6f9c69b8b4259cee9acc85ed6 HTTP/1.1" 200 361
::1 - - [06/Dec/2017:19:07:53 +0100] "POST /phpmyadmin/export.php HTTP/1.1" 200 1390
::1 - - [06/Dec/2017:19:07:58 +0100] "GET /phpmyadmin/db_structure.php?db=urenregistratie&token=a528e9f6f9c69b8b4259cee9acc85ed6&ajax_request=true&ajax_page_request=true&menuHashes=9ae23885-cd8d1a41-4d6b6c7e-c50908a4-63c810a8-35f2ef3c&_nocache=1512583678563600636 HTTP/1.1" 200 12442
::1 - - [06/Dec/2017:19:07:59 +0100] "GET /phpmyadmin/db_export.php?db=urenregistratie&token=a528e9f6f9c69b8b4259cee9acc85ed6&ajax_request=true&ajax_page_request=true&menuHashes=9ae23885-cd8d1a41-4d6b6c7e-c50908a4-63c810a8-35f2ef3c&_nocache=1512583679873953800 HTTP/1.1" 200 36153
::1 - - [06/Dec/2017:19:08:01 +0100] "POST /phpmyadmin/export.php HTTP/1.1" 200 2082
::1 - - [06/Dec/2017:19:09:11 +0100] "GET / HTTP/1.1" 200 1924
::1 - - [06/Dec/2017:19:09:11 +0100] "GET /style.css HTTP/1.1" 404 207
::1 - - [06/Dec/2017:19:09:12 +0100] "GET /favicon.ico HTTP/1.1" 404 209
