2017-12-07 08:33:22 6840 [Note] Plugin 'FEDERATED' is disabled.
2017-12-07 08:33:22 6840 [Note] InnoDB: The InnoDB memory heap is disabled
2017-12-07 08:33:22 6840 [Note] InnoDB: Mutexes and rw_locks use Windows interlocked functions
2017-12-07 08:33:22 6840 [Note] InnoDB: Compressed tables use zlib 1.2.3
2017-12-07 08:33:22 6840 [Note] InnoDB: Not using CPU crc32 instructions
2017-12-07 08:33:22 6840 [Note] InnoDB: Initializing buffer pool, size = 128.0M
2017-12-07 08:33:22 6840 [Note] InnoDB: Completed initialization of buffer pool
2017-12-07 08:33:22 6840 [Note] InnoDB: Highest supported file format is Barracuda.
2017-12-07 08:33:22 6840 [Note] InnoDB: The log sequence numbers 1626134 and 1626134 in ibdata files do not match the log sequence number 1730015 in the ib_logfiles!
2017-12-07 08:33:22 6840 [Note] InnoDB: Database was not shutdown normally!
2017-12-07 08:33:22 6840 [Note] InnoDB: Starting crash recovery.
2017-12-07 08:33:22 6840 [Note] InnoDB: Reading tablespace information from the .ibd files...
2017-12-07 08:33:22 6840 [Note] InnoDB: Restoring possible half-written data pages 
2017-12-07 08:33:22 6840 [Note] InnoDB: from the doublewrite buffer...
2017-12-07 08:33:22 6840 [Note] InnoDB: 128 rollback segment(s) are active.
2017-12-07 08:33:22 6840 [Note] InnoDB: Waiting for purge to start
2017-12-07 08:33:22 6840 [Note] InnoDB: 5.6.13 started; log sequence number 1730015
2017-12-07 08:33:22 6840 [Note] Server hostname (bind-address): '*'; port: 3307
2017-12-07 08:33:22 6840 [Note] IPv6 is available.
2017-12-07 08:33:22 6840 [Note]   - '::' resolves to '::';
2017-12-07 08:33:22 6840 [Note] Server socket created on IP: '::'.
2017-12-07 09:18:08 7660 [Note] Plugin 'FEDERATED' is disabled.
2017-12-07 09:18:08 7660 [Note] InnoDB: The InnoDB memory heap is disabled
2017-12-07 09:18:08 7660 [Note] InnoDB: Mutexes and rw_locks use Windows interlocked functions
2017-12-07 09:18:08 7660 [Note] InnoDB: Compressed tables use zlib 1.2.3
2017-12-07 09:18:08 7660 [Note] InnoDB: Not using CPU crc32 instructions
2017-12-07 09:18:08 7660 [Note] InnoDB: Initializing buffer pool, size = 128.0M
2017-12-07 09:18:08 7660 [Note] InnoDB: Completed initialization of buffer pool
2017-12-07 09:18:08 7660 [Note] InnoDB: Highest supported file format is Barracuda.
2017-12-07 09:18:08 7660 [Note] InnoDB: The log sequence numbers 1626134 and 1626134 in ibdata files do not match the log sequence number 1730025 in the ib_logfiles!
2017-12-07 09:18:08 7660 [Note] InnoDB: Database was not shutdown normally!
2017-12-07 09:18:08 7660 [Note] InnoDB: Starting crash recovery.
2017-12-07 09:18:08 7660 [Note] InnoDB: Reading tablespace information from the .ibd files...
2017-12-07 09:18:08 7660 [Note] InnoDB: Restoring possible half-written data pages 
2017-12-07 09:18:08 7660 [Note] InnoDB: from the doublewrite buffer...
2017-12-07 09:18:08 7660 [Note] InnoDB: 128 rollback segment(s) are active.
2017-12-07 09:18:08 7660 [Note] InnoDB: Waiting for purge to start
2017-12-07 09:18:08 7660 [Note] InnoDB: 5.6.13 started; log sequence number 1730025
2017-12-07 09:18:08 7660 [Note] Server hostname (bind-address): '*'; port: 3307
2017-12-07 09:18:08 7660 [Note] IPv6 is available.
2017-12-07 09:18:08 7660 [Note]   - '::' resolves to '::';
2017-12-07 09:18:08 7660 [Note] Server socket created on IP: '::'.
2017-12-07 13:27:28 3056 [Note] Plugin 'FEDERATED' is disabled.
2017-12-07 13:27:28 3056 [Note] InnoDB: The InnoDB memory heap is disabled
2017-12-07 13:27:28 3056 [Note] InnoDB: Mutexes and rw_locks use Windows interlocked functions
2017-12-07 13:27:28 3056 [Note] InnoDB: Compressed tables use zlib 1.2.3
2017-12-07 13:27:28 3056 [Note] InnoDB: Not using CPU crc32 instructions
2017-12-07 13:27:28 3056 [Note] InnoDB: Initializing buffer pool, size = 128.0M
2017-12-07 13:27:28 3056 [Note] InnoDB: Completed initialization of buffer pool
2017-12-07 13:27:28 3056 [Note] InnoDB: Highest supported file format is Barracuda.
2017-12-07 13:27:28 3056 [Note] InnoDB: The log sequence numbers 1626134 and 1626134 in ibdata files do not match the log sequence number 1730035 in the ib_logfiles!
2017-12-07 13:27:28 3056 [Note] InnoDB: Database was not shutdown normally!
2017-12-07 13:27:28 3056 [Note] InnoDB: Starting crash recovery.
2017-12-07 13:27:28 3056 [Note] InnoDB: Reading tablespace information from the .ibd files...
2017-12-07 13:27:28 3056 [Note] InnoDB: Restoring possible half-written data pages 
2017-12-07 13:27:28 3056 [Note] InnoDB: from the doublewrite buffer...
2017-12-07 13:27:28 3056 [Note] InnoDB: 128 rollback segment(s) are active.
2017-12-07 13:27:28 3056 [Note] InnoDB: Waiting for purge to start
2017-12-07 13:27:28 3056 [Note] InnoDB: 5.6.13 started; log sequence number 1730035
2017-12-07 13:27:28 3056 [Note] Server hostname (bind-address): '*'; port: 3307
2017-12-07 13:27:28 3056 [Note] IPv6 is available.
2017-12-07 13:27:28 3056 [Note]   - '::' resolves to '::';
2017-12-07 13:27:28 3056 [Note] Server socket created on IP: '::'.
